<?xml version="1.0" encoding="UTF-8"?>
<!-- Generated by org.testng.reporters.JUnitReportReporter -->
<testsuite skipped="0" hostname="IBM281-PC0GJ1LJ" name="retailfunctionaltest.OrderStatusChangeNewTest" tests="11" failures="0" timestamp="14 Feb 2019 19:35:56 GMT" time="92.120" errors="0">
  <testcase name="setUp" time="10.667" classname="retailfunctionaltest.OrderStatusChangeNewTest"/>
  <testcase name="shopnow" time="21.400" classname="retailfunctionaltest.OrderStatusChangeNewTest"/>
  <testcase name="login" time="1.277" classname="retailfunctionaltest.OrderStatusChangeNewTest"/>
  <testcase name="checkout" time="29.508" classname="retailfunctionaltest.OrderStatusChangeNewTest"/>
  <testcase name="adminlogin" time="2.195" classname="retailfunctionaltest.OrderStatusChangeNewTest"/>
  <testcase name="selectesales" time="0.068" classname="retailfunctionaltest.OrderStatusChangeNewTest"/>
  <testcase name="selectorder" time="3.680" classname="retailfunctionaltest.OrderStatusChangeNewTest"/>
  <testcase name="changeorderstatus" time="0.825" classname="retailfunctionaltest.OrderStatusChangeNewTest"/>
  <testcase name="openuserlogin" time="18.780" classname="retailfunctionaltest.OrderStatusChangeNewTest"/>
  <testcase name="chkmyorderhistoty" time="3.685" classname="retailfunctionaltest.OrderStatusChangeNewTest"/>
  <testcase name="verifyorderstatus" time="0.035" classname="retailfunctionaltest.OrderStatusChangeNewTest"/>
</testsuite> <!-- retailfunctionaltest.OrderStatusChangeNewTest -->
