<?xml version="1.0" encoding="UTF-8"?>
<!-- Generated by org.testng.reporters.JUnitReportReporter -->
<testsuite skipped="0" hostname="IBM281-PC0GJ1LJ" name="retailfunctionaltest.ProductfilterTest" tests="5" failures="0" timestamp="25 Jan 2019 01:55:43 GMT" time="37.386" errors="0">
  <testcase name="setUp" time="6.194" classname="retailfunctionaltest.ProductfilterTest"/>
  <testcase name="productselect" time="5.270" classname="retailfunctionaltest.ProductfilterTest"/>
  <testcase name="catalog" time="10.495" classname="retailfunctionaltest.ProductfilterTest"/>
  <testcase name="filterProductName" time="10.754" classname="retailfunctionaltest.ProductfilterTest"/>
  <testcase name="filterProductPrice" time="4.673" classname="retailfunctionaltest.ProductfilterTest"/>
</testsuite> <!-- retailfunctionaltest.ProductfilterTest -->
