<?xml version="1.0" encoding="UTF-8"?>
<!-- Generated by org.testng.reporters.JUnitReportReporter -->
<testsuite skipped="0" hostname="IBM281-PC0GJ1LJ" name="retailfunctionaltest.ProdAddValidDataTest" tests="7" failures="0" timestamp="14 Feb 2019 19:30:31 GMT" time="52.862" errors="0">
  <testcase name="setUp" time="11.932" classname="retailfunctionaltest.ProdAddValidDataTest"/>
  <testcase name="productselect" time="3.708" classname="retailfunctionaltest.ProdAddValidDataTest"/>
  <testcase name="catalog" time="1.728" classname="retailfunctionaltest.ProdAddValidDataTest"/>
  <testcase name="addGeneral" time="12.603" classname="retailfunctionaltest.ProdAddValidDataTest"/>
  <testcase name="addGeneral" time="8.245" classname="retailfunctionaltest.ProdAddValidDataTest"/>
  <testcase name="addGeneral" time="6.703" classname="retailfunctionaltest.ProdAddValidDataTest"/>
  <testcase name="addGeneral" time="7.943" classname="retailfunctionaltest.ProdAddValidDataTest"/>
</testsuite> <!-- retailfunctionaltest.ProdAddValidDataTest -->
