<?xml version="1.0" encoding="UTF-8"?>
<!-- Generated by org.testng.reporters.JUnitReportReporter -->
<testsuite skipped="0" hostname="IBM281-PC0GJ1LJ" name="retailfunctionaltest.ProductSelectionTest" tests="9" failures="0" timestamp="04 Feb 2019 04:24:14 GMT" time="30.086" errors="0">
  <testcase name="setUp" time="9.273" classname="retailfunctionaltest.ProductSelectionTest"/>
  <testcase name="productselect" time="5.123" classname="retailfunctionaltest.ProductSelectionTest"/>
  <testcase name="catalog" time="5.140" classname="retailfunctionaltest.ProductSelectionTest"/>
  <testcase name="filterProductName" time="2.013" classname="retailfunctionaltest.ProductSelectionTest"/>
  <testcase name="filterProductPrice" time="1.965" classname="retailfunctionaltest.ProductSelectionTest"/>
  <testcase name="filterProductstatusFilterBtn" time="2.021" classname="retailfunctionaltest.ProductSelectionTest"/>
  <testcase name="filterProductModel" time="1.850" classname="retailfunctionaltest.ProductSelectionTest"/>
  <testcase name="filterProductquantity" time="1.779" classname="retailfunctionaltest.ProductSelectionTest"/>
  <testcase name="filterProductimage" time="0.922" classname="retailfunctionaltest.ProductSelectionTest"/>
</testsuite> <!-- retailfunctionaltest.ProductSelectionTest -->
