<?xml version="1.0" encoding="UTF-8"?>
<!-- Generated by org.testng.reporters.JUnitReportReporter -->
<testsuite skipped="0" hostname="IBM281-PC0GJ1LJ" name="retailfunctionaltest.ProdAddInvalidDataTest" tests="7" failures="0" timestamp="14 Feb 2019 19:03:13 GMT" time="70.268" errors="0">
  <testcase name="setUp" time="15.953" classname="retailfunctionaltest.ProdAddInvalidDataTest"/>
  <testcase name="productselect" time="5.105" classname="retailfunctionaltest.ProdAddInvalidDataTest"/>
  <testcase name="catalog" time="1.610" classname="retailfunctionaltest.ProdAddInvalidDataTest"/>
  <testcase name="addGeneral" time="11.841" classname="retailfunctionaltest.ProdAddInvalidDataTest"/>
  <testcase name="addGeneral" time="14.199" classname="retailfunctionaltest.ProdAddInvalidDataTest"/>
  <testcase name="addGeneral" time="9.593" classname="retailfunctionaltest.ProdAddInvalidDataTest"/>
  <testcase name="addGeneral" time="11.967" classname="retailfunctionaltest.ProdAddInvalidDataTest"/>
</testsuite> <!-- retailfunctionaltest.ProdAddInvalidDataTest -->
