<?xml version="1.0" encoding="UTF-8"?>
<!-- Generated by org.testng.reporters.JUnitReportReporter -->
<testsuite skipped="0" hostname="IBM281-PC0GJ1LJ" name="retailfunctionaltest.ProductEditTest" tests="5" failures="0" timestamp="14 Feb 2019 17:45:51 GMT" time="25.708" errors="0">
  <testcase name="setUp" time="11.613" classname="retailfunctionaltest.ProductEditTest"/>
  <testcase name="loginadmin" time="3.045" classname="retailfunctionaltest.ProductEditTest"/>
  <testcase name="catalog" time="1.754" classname="retailfunctionaltest.ProductEditTest"/>
  <testcase name="editProduct" time="5.505" classname="retailfunctionaltest.ProductEditTest"/>
  <testcase name="editquantity" time="3.791" classname="retailfunctionaltest.ProductEditTest"/>
</testsuite> <!-- retailfunctionaltest.ProductEditTest -->
