<?xml version="1.0" encoding="UTF-8"?>
<!-- Generated by org.testng.reporters.JUnitReportReporter -->
<testsuite skipped="0" hostname="IBM281-PC0GJ1LJ" name="retailfunctionaltest.OrderTest" tests="5" failures="0" timestamp="04 Feb 2019 04:24:52 GMT" time="15.834" errors="0">
  <testcase name="setUp" time="6.939" classname="retailfunctionaltest.OrderTest"/>
  <testcase name="loginuser" time="5.396" classname="retailfunctionaltest.OrderTest"/>
  <testcase name="selectesales" time="0.108" classname="retailfunctionaltest.OrderTest"/>
  <testcase name="selectorder" time="3.315" classname="retailfunctionaltest.OrderTest"/>
  <testcase name="generateinvoice" time="0.076" classname="retailfunctionaltest.OrderTest"/>
</testsuite> <!-- retailfunctionaltest.OrderTest -->
