<?xml version="1.0" encoding="UTF-8"?>
<!-- Generated by org.testng.reporters.JUnitReportReporter -->
<testsuite skipped="0" hostname="IBM281-PC0GJ1LJ" name="retailfunctionaltest.retaillogintest" tests="2" failures="0" timestamp="25 Jan 2019 04:25:19 GMT" time="7.484" errors="0">
  <testcase name="setUp" time="5.515" classname="retailfunctionaltest.retaillogintest"/>
  <testcase name="validLoginTest" time="1.969" classname="retailfunctionaltest.retaillogintest"/>
</testsuite> <!-- retailfunctionaltest.retaillogintest -->
