<?xml version="1.0" encoding="UTF-8"?>
<!-- Generated by org.testng.reporters.JUnitReportReporter -->
<testsuite skipped="0" hostname="IBM281-PC0GJ1LJ" name="retailfunctionaltest.OrderReturnTest" tests="6" failures="0" timestamp="14 Feb 2019 19:07:40 GMT" time="197.783" errors="0">
  <testcase name="setUp" time="30.582" classname="retailfunctionaltest.OrderReturnTest"/>
  <testcase name="loginuser" time="17.257" classname="retailfunctionaltest.OrderReturnTest"/>
  <testcase name="myorderselect" time="43.577" classname="retailfunctionaltest.OrderReturnTest"/>
  <testcase name="myorderselect" time="32.357" classname="retailfunctionaltest.OrderReturnTest"/>
  <testcase name="myorderselect" time="40.866" classname="retailfunctionaltest.OrderReturnTest"/>
  <testcase name="myorderselect" time="33.144" classname="retailfunctionaltest.OrderReturnTest"/>
</testsuite> <!-- retailfunctionaltest.OrderReturnTest -->
