<?xml version="1.0" encoding="UTF-8"?>
<!-- Generated by org.testng.reporters.JUnitReportReporter -->
<testsuite skipped="0" hostname="IBM281-PC0GJ1LJ" name="retailfunctionaltest.ProductEditTest" tests="5" failures="0" timestamp="04 Feb 2019 04:21:44 GMT" time="31.235" errors="0">
  <testcase name="setUp" time="6.834" classname="retailfunctionaltest.ProductEditTest"/>
  <testcase name="loginadmin" time="5.387" classname="retailfunctionaltest.ProductEditTest"/>
  <testcase name="catalog" time="7.390" classname="retailfunctionaltest.ProductEditTest"/>
  <testcase name="editProduct" time="6.659" classname="retailfunctionaltest.ProductEditTest"/>
  <testcase name="editquantity" time="4.965" classname="retailfunctionaltest.ProductEditTest"/>
</testsuite> <!-- retailfunctionaltest.ProductEditTest -->
