<?xml version="1.0" encoding="UTF-8"?>
<!-- Generated by org.testng.reporters.JUnitReportReporter -->
<testsuite skipped="0" hostname="IBM281-PC0GJ1LJ" name="retailfunctionaltest.DatabaseAddProductTest" tests="6" failures="0" timestamp="14 Feb 2019 19:28:26 GMT" time="35.731" errors="0">
  <testcase name="setUp" time="19.415" classname="retailfunctionaltest.DatabaseAddProductTest"/>
  <testcase name="loginadmin" time="6.020" classname="retailfunctionaltest.DatabaseAddProductTest"/>
  <testcase name="catalog" time="4.542" classname="retailfunctionaltest.DatabaseAddProductTest"/>
  <testcase name="addGeneral" time="5.677" classname="retailfunctionaltest.DatabaseAddProductTest"/>
  <testcase name="getmsg" time="0.077" classname="retailfunctionaltest.DatabaseAddProductTest"/>
  <testcase name="loginDBTest" time="0.000" classname="retailfunctionaltest.DatabaseAddProductTest"/>
</testsuite> <!-- retailfunctionaltest.DatabaseAddProductTest -->
