<?xml version="1.0" encoding="UTF-8"?>
<!-- Generated by org.testng.reporters.JUnitReportReporter -->
<testsuite skipped="0" hostname="IBM281-PC0GJ1LJ" name="retailfunctionaltest.ProdAddTest" tests="5" failures="0" timestamp="04 Feb 2019 04:20:29 GMT" time="41.095" errors="0">
  <testcase name="setUp" time="6.231" classname="retailfunctionaltest.ProdAddTest"/>
  <testcase name="loginadmin" time="5.257" classname="retailfunctionaltest.ProdAddTest"/>
  <testcase name="catalog" time="9.337" classname="retailfunctionaltest.ProdAddTest"/>
  <testcase name="addGeneral" time="17.209" classname="retailfunctionaltest.ProdAddTest"/>
  <testcase name="getmsg" time="3.061" classname="retailfunctionaltest.ProdAddTest"/>
</testsuite> <!-- retailfunctionaltest.ProdAddTest -->
