<?xml version="1.0" encoding="UTF-8"?>
<!-- Generated by org.testng.reporters.JUnitReportReporter -->
<testsuite skipped="0" hostname="IBM281-PC0GJ1LJ" name="retailfunctionaltest.DeletemultipleProdTest" tests="6" failures="0" timestamp="14 Feb 2019 17:50:23 GMT" time="25.642" errors="0">
  <testcase name="setUpBeforeClass" time="0.006" classname="retailfunctionaltest.DeletemultipleProdTest"/>
  <testcase name="setUp" time="10.570" classname="retailfunctionaltest.DeletemultipleProdTest"/>
  <testcase name="loginadmin" time="3.834" classname="retailfunctionaltest.DeletemultipleProdTest"/>
  <testcase name="catalog" time="1.545" classname="retailfunctionaltest.DeletemultipleProdTest"/>
  <testcase name="selectmultiprod" time="7.252" classname="retailfunctionaltest.DeletemultipleProdTest"/>
  <testcase name="deleteselectedprod" time="2.435" classname="retailfunctionaltest.DeletemultipleProdTest"/>
</testsuite> <!-- retailfunctionaltest.DeletemultipleProdTest -->
