<?xml version="1.0" encoding="UTF-8"?>
<!-- Generated by org.testng.reporters.JUnitReportReporter -->
<testsuite skipped="0" hostname="IBM281-PC0GJ1LJ" name="retailfunctionaltest.Categoriestest" tests="4" failures="0" timestamp="25 Jan 2019 02:17:20 GMT" time="32.904" errors="0">
  <testcase name="setUp" time="5.935" classname="retailfunctionaltest.Categoriestest"/>
  <testcase name="userlogintest" time="5.265" classname="retailfunctionaltest.Categoriestest"/>
  <testcase name="selectcatalogtest" time="3.851" classname="retailfunctionaltest.Categoriestest"/>
  <testcase name="deletecategories" time="17.853" classname="retailfunctionaltest.Categoriestest"/>
</testsuite> <!-- retailfunctionaltest.Categoriestest -->
