<?xml version="1.0" encoding="UTF-8"?>
<!-- Generated by org.testng.reporters.JUnitReportReporter -->
<testsuite skipped="0" hostname="IBM281-PC0GJ1LJ" name="retailfunctionaltest.DeletemultipleProdTest" tests="6" failures="0" timestamp="04 Feb 2019 04:23:10 GMT" time="40.226" errors="0">
  <testcase name="setUpBeforeClass" time="0.003" classname="retailfunctionaltest.DeletemultipleProdTest"/>
  <testcase name="setUp" time="6.993" classname="retailfunctionaltest.DeletemultipleProdTest"/>
  <testcase name="loginadmin" time="4.983" classname="retailfunctionaltest.DeletemultipleProdTest"/>
  <testcase name="catalog" time="7.463" classname="retailfunctionaltest.DeletemultipleProdTest"/>
  <testcase name="selectmultiprod" time="6.407" classname="retailfunctionaltest.DeletemultipleProdTest"/>
  <testcase name="deleteselectedprod" time="14.377" classname="retailfunctionaltest.DeletemultipleProdTest"/>
</testsuite> <!-- retailfunctionaltest.DeletemultipleProdTest -->
