<?xml version="1.0" encoding="UTF-8"?>
<!-- Generated by org.testng.reporters.JUnitReportReporter -->
<testsuite skipped="0" hostname="IBM281-PC0GJ1LJ" name="retailfunctionaltest.OrderTest" tests="5" failures="0" timestamp="14 Feb 2019 18:57:44 GMT" time="29.279" errors="0">
  <testcase name="setUp" time="16.189" classname="retailfunctionaltest.OrderTest"/>
  <testcase name="loginuser" time="4.235" classname="retailfunctionaltest.OrderTest"/>
  <testcase name="selectesales" time="0.270" classname="retailfunctionaltest.OrderTest"/>
  <testcase name="selectorder" time="8.480" classname="retailfunctionaltest.OrderTest"/>
  <testcase name="generateinvoice" time="0.105" classname="retailfunctionaltest.OrderTest"/>
</testsuite> <!-- retailfunctionaltest.OrderTest -->
