<?xml version="1.0" encoding="UTF-8"?>
<!-- Generated by org.testng.reporters.JUnitReportReporter -->
<testsuite skipped="0" hostname="IBM281-PC0GJ1LJ" name="retailfunctionaltest.CatLogtest" tests="3" failures="0" timestamp="25 Jan 2019 02:20:51 GMT" time="41.143" errors="0">
  <testcase name="setUp" time="13.982" classname="retailfunctionaltest.CatLogtest"/>
  <testcase name="loginuser" time="20.887" classname="retailfunctionaltest.CatLogtest"/>
  <testcase name="selectecategories" time="6.274" classname="retailfunctionaltest.CatLogtest"/>
</testsuite> <!-- retailfunctionaltest.CatLogtest -->
