<?xml version="1.0" encoding="UTF-8"?>
<!-- Generated by org.testng.reporters.JUnitReportReporter -->
<testsuite skipped="0" hostname="IBM281-PC0GJ1LJ" name="retailfunctionaltest.ProdAddTest" tests="5" failures="0" timestamp="14 Feb 2019 17:24:09 GMT" time="23.539" errors="0">
  <testcase name="setUp" time="9.860" classname="retailfunctionaltest.ProdAddTest"/>
  <testcase name="loginadmin" time="3.049" classname="retailfunctionaltest.ProdAddTest"/>
  <testcase name="catalog" time="5.542" classname="retailfunctionaltest.ProdAddTest"/>
  <testcase name="addGeneral" time="5.014" classname="retailfunctionaltest.ProdAddTest"/>
  <testcase name="getmsg" time="0.074" classname="retailfunctionaltest.ProdAddTest"/>
</testsuite> <!-- retailfunctionaltest.ProdAddTest -->
