<?xml version="1.0" encoding="UTF-8"?>
<!-- Generated by org.testng.reporters.JUnitReportReporter -->
<testsuite skipped="0" hostname="IBM281-PC0GJ1LJ" name="retailfunctionaltest.Productstest" tests="5" failures="0" timestamp="25 Jan 2019 04:24:56 GMT" time="43.509" errors="0">
  <testcase name="setUp" time="5.737" classname="retailfunctionaltest.Productstest"/>
  <testcase name="productselect" time="5.038" classname="retailfunctionaltest.Productstest"/>
  <testcase name="catalog" time="7.249" classname="retailfunctionaltest.Productstest"/>
  <testcase name="selectProduct" time="8.141" classname="retailfunctionaltest.Productstest"/>
  <testcase name="deleteproduct" time="17.344" classname="retailfunctionaltest.Productstest"/>
</testsuite> <!-- retailfunctionaltest.Productstest -->
