<?xml version="1.0" encoding="UTF-8"?>
<!-- Generated by org.testng.reporters.JUnitReportReporter -->
<testsuite skipped="0" hostname="IBM281-PC0GJ1LJ" name="retailfunctionaltest.ProductSelectionTest" tests="9" failures="0" timestamp="14 Feb 2019 17:13:10 GMT" time="22.063" errors="0">
  <testcase name="setUp" time="9.465" classname="retailfunctionaltest.ProductSelectionTest"/>
  <testcase name="productselect" time="3.546" classname="retailfunctionaltest.ProductSelectionTest"/>
  <testcase name="catalog" time="1.386" classname="retailfunctionaltest.ProductSelectionTest"/>
  <testcase name="filterProductName" time="1.148" classname="retailfunctionaltest.ProductSelectionTest"/>
  <testcase name="filterProductPrice" time="1.279" classname="retailfunctionaltest.ProductSelectionTest"/>
  <testcase name="filterProductstatusFilterBtn" time="1.186" classname="retailfunctionaltest.ProductSelectionTest"/>
  <testcase name="filterProductModel" time="1.024" classname="retailfunctionaltest.ProductSelectionTest"/>
  <testcase name="filterProductquantity" time="1.527" classname="retailfunctionaltest.ProductSelectionTest"/>
  <testcase name="filterProductimage" time="1.502" classname="retailfunctionaltest.ProductSelectionTest"/>
</testsuite> <!-- retailfunctionaltest.ProductSelectionTest -->
